# JRE version: OpenJDK Runtime Environment (7.0_65-b32) (build 1.7.0_65-b32)
# Java VM: OpenJDK 64-Bit Server VM (24.65-b04 mixed mode linux-amd64 compressed oops)
Heap
 PSYoungGen      total 233472K, used 13965K [0x00000000eaa80000, 0x0000000100000000, 0x0000000100000000)
  eden space 117248K, 11% used [0x00000000eaa80000,0x00000000eb823628,0x00000000f1d00000)
  from space 116224K, 0% used [0x00000000f8e80000,0x00000000f8e80000,0x0000000100000000)
  to   space 116224K, 0% used [0x00000000f1d00000,0x00000000f1d00000,0x00000000f8e80000)
 ParOldGen       total 538624K, used 224043K [0x00000000c0000000, 0x00000000e0e00000, 0x00000000eaa80000)
  object space 538624K, 41% used [0x00000000c0000000,0x00000000cdacadc8,0x00000000e0e00000)
 PSPermGen       total 26112K, used 26035K [0x00000000b5a00000, 0x00000000b7380000, 0x00000000c0000000)
  object space 26112K, 99% used [0x00000000b5a00000,0x00000000b736cd80,0x00000000b7380000)
GC Heap History (10 events):
Event: 1483.179 GC heap before
{Heap before GC invocations=586 (full 93):
 PSYoungGen      total 233472K, used 118656K [0x00000000eaa80000, 0x0000000100000000, 0x0000000100000000)
  eden space 117248K, 100% used [0x00000000eaa80000,0x00000000f1d00000,0x00000000f1d00000)
  from space 116224K, 1% used [0x00000000f8e80000,0x00000000f8fe0000,0x0000000100000000)
  to   space 116224K, 0% used [0x00000000f1d00000,0x00000000f1d00000,0x00000000f8e80000)
 ParOldGen       total 538624K, used 245619K [0x00000000c0000000, 0x00000000e0e00000, 0x00000000eaa80000)
  object space 538624K, 45% used [0x00000000c0000000,0x00000000cefdcf88,0x00000000e0e00000)
 PSPermGen       total 26112K, used 26004K [0x00000000b5a00000, 0x00000000b7380000, 0x00000000c0000000)
  object space 26112K, 99% used [0x00000000b5a00000,0x00000000b73651d8,0x00000000b7380000)
Event: 1483.186 GC heap after
Heap after GC invocations=586 (full 93):
 PSYoungGen      total 233472K, used 3198K [0x00000000eaa80000, 0x0000000100000000, 0x0000000100000000)
  eden space 117248K, 0% used [0x00000000eaa80000,0x00000000eaa80000,0x00000000f1d00000)
  from space 116224K, 2% used [0x00000000f1d00000,0x00000000f201f8d0,0x00000000f8e80000)
  to   space 116224K, 0% used [0x00000000f8e80000,0x00000000f8e80000,0x0000000100000000)
 ParOldGen       total 538624K, used 246499K [0x00000000c0000000, 0x00000000e0e00000, 0x00000000eaa80000)
  object space 538624K, 45% used [0x00000000c0000000,0x00000000cf0b8f88,0x00000000e0e00000)
 PSPermGen       total 26112K, used 26004K [0x00000000b5a00000, 0x00000000b7380000, 0x00000000c0000000)
  object space 26112K, 99% used [0x00000000b5a00000,0x00000000b73651d8,0x00000000b7380000)
}
Event: 1483.202 GC heap before
{Heap before GC invocations=587 (full 93):
 PSYoungGen      total 233472K, used 120446K [0x00000000eaa80000, 0x0000000100000000, 0x0000000100000000)
  eden space 117248K, 100% used [0x00000000eaa80000,0x00000000f1d00000,0x00000000f1d00000)
  from space 116224K, 2% used [0x00000000f1d00000,0x00000000f201f8d0,0x00000000f8e80000)
  to   space 116224K, 0% used [0x00000000f8e80000,0x00000000f8e80000,0x0000000100000000)
 ParOldGen       total 538624K, used 246499K [0x00000000c0000000, 0x00000000e0e00000, 0x00000000eaa80000)
  object space 538624K, 45% used [0x00000000c0000000,0x00000000cf0b8f88,0x00000000e0e00000)
 PSPermGen       total 26112K, used 26004K [0x00000000b5a00000, 0x00000000b7380000, 0x00000000c0000000)
  object space 26112K, 99% used [0x00000000b5a00000,0x00000000b73651d8,0x00000000b7380000)
Event: 1483.208 GC heap after
Heap after GC invocations=587 (full 93):
 PSYoungGen      total 233472K, used 128K [0x00000000eaa80000, 0x0000000100000000, 0x0000000100000000)
  eden space 117248K, 0% used [0x00000000eaa80000,0x00000000eaa80000,0x00000000f1d00000)
  from space 116224K, 0% used [0x00000000f8e80000,0x00000000f8ea0000,0x0000000100000000)
  to   space 116224K, 0% used [0x00000000f1d00000,0x00000000f1d00000,0x00000000f8e80000)
 ParOldGen       total 538624K, used 249634K [0x00000000c0000000, 0x00000000e0e00000, 0x00000000eaa80000)
  object space 538624K, 46% used [0x00000000c0000000,0x00000000cf3c8858,0x00000000e0e00000)
 PSPermGen       total 26112K, used 26004K [0x00000000b5a00000, 0x00000000b7380000, 0x00000000c0000000)
  object space 26112K, 99% used [0x00000000b5a00000,0x00000000b73651d8,0x00000000b7380000)
}
Event: 1484.131 GC heap before
{Heap before GC invocations=588 (full 93):
 PSYoungGen      total 233472K, used 117376K [0x00000000eaa80000, 0x0000000100000000, 0x0000000100000000)
  eden space 117248K, 100% used [0x00000000eaa80000,0x00000000f1d00000,0x00000000f1d00000)
  from space 116224K, 0% used [0x00000000f8e80000,0x00000000f8ea0000,0x0000000100000000)
  to   space 116224K, 0% used [0x00000000f1d00000,0x00000000f1d00000,0x00000000f8e80000)
 ParOldGen       total 538624K, used 249634K [0x00000000c0000000, 0x00000000e0e00000, 0x00000000eaa80000)
  object space 538624K, 46% used [0x00000000c0000000,0x00000000cf3c8858,0x00000000e0e00000)
 PSPermGen       total 26112K, used 26004K [0x00000000b5a00000, 0x00000000b7380000, 0x00000000c0000000)
  object space 26112K, 99% used [0x00000000b5a00000,0x00000000b73651d8,0x00000000b7380000)
Event: 1484.138 GC heap after
Heap after GC invocations=588 (full 93):
 PSYoungGen      total 233472K, used 7936K [0x00000000eaa80000, 0x0000000100000000, 0x0000000100000000)
  eden space 117248K, 0% used [0x00000000eaa80000,0x00000000eaa80000,0x00000000f1d00000)
  from space 116224K, 6% used [0x00000000f1d00000,0x00000000f24c0000,0x00000000f8e80000)
  to   space 116224K, 0% used [0x00000000f8e80000,0x00000000f8e80000,0x0000000100000000)
 ParOldGen       total 538624K, used 249650K [0x00000000c0000000, 0x00000000e0e00000, 0x00000000eaa80000)
  object space 538624K, 46% used [0x00000000c0000000,0x00000000cf3cc858,0x00000000e0e00000)
 PSPermGen       total 26112K, used 26004K [0x00000000b5a00000, 0x00000000b7380000, 0x00000000c0000000)
  object space 26112K, 99% used [0x00000000b5a00000,0x00000000b73651d8,0x00000000b7380000)
}
Event: 1484.139 GC heap before
{Heap before GC invocations=589 (full 93):
 PSYoungGen      total 233472K, used 10123K [0x00000000eaa80000, 0x0000000100000000, 0x0000000100000000)
  eden space 117248K, 1% used [0x00000000eaa80000,0x00000000eaca2ff0,0x00000000f1d00000)
  from space 116224K, 6% used [0x00000000f1d00000,0x00000000f24c0000,0x00000000f8e80000)
  to   space 116224K, 0% used [0x00000000f8e80000,0x00000000f8e80000,0x0000000100000000)
 ParOldGen       total 538624K, used 249650K [0x00000000c0000000, 0x00000000e0e00000, 0x00000000eaa80000)
  object space 538624K, 46% used [0x00000000c0000000,0x00000000cf3cc858,0x00000000e0e00000)
 PSPermGen       total 26112K, used 26004K [0x00000000b5a00000, 0x00000000b7380000, 0x00000000c0000000)
  object space 26112K, 99% used [0x00000000b5a00000,0x00000000b73651d8,0x00000000b7380000)
Event: 1484.148 GC heap after
Heap after GC invocations=589 (full 93):
 PSYoungGen      total 233472K, used 128K [0x00000000eaa80000, 0x0000000100000000, 0x0000000100000000)
  eden space 117248K, 0% used [0x00000000eaa80000,0x00000000eaa80000,0x00000000f1d00000)
  from space 116224K, 0% used [0x00000000f8e80000,0x00000000f8ea0000,0x0000000100000000)
  to   space 116224K, 0% used [0x00000000f1d00000,0x00000000f1d00000,0x00000000f8e80000)
 ParOldGen       total 538624K, used 257521K [0x00000000c0000000, 0x00000000e0e00000, 0x00000000eaa80000)
  object space 538624K, 47% used [0x00000000c0000000,0x00000000cfb7c490,0x00000000e0e00000)
 PSPermGen       total 26112K, used 26004K [0x00000000b5a00000, 0x00000000b7380000, 0x00000000c0000000)
  object space 26112K, 99% used [0x00000000b5a00000,0x00000000b73651d8,0x00000000b7380000)
}
Event: 1484.148 GC heap before
{Heap before GC invocations=590 (full 94):
 PSYoungGen      total 233472K, used 128K [0x00000000eaa80000, 0x0000000100000000, 0x0000000100000000)
  eden space 117248K, 0% used [0x00000000eaa80000,0x00000000eaa80000,0x00000000f1d00000)
  from space 116224K, 0% used [0x00000000f8e80000,0x00000000f8ea0000,0x0000000100000000)
  to   space 116224K, 0% used [0x00000000f1d00000,0x00000000f1d00000,0x00000000f8e80000)
 ParOldGen       total 538624K, used 257521K [0x00000000c0000000, 0x00000000e0e00000, 0x00000000eaa80000)
  object space 538624K, 47% used [0x00000000c0000000,0x00000000cfb7c490,0x00000000e0e00000)
 PSPermGen       total 26112K, used 26004K [0x00000000b5a00000, 0x00000000b7380000, 0x00000000c0000000)
  object space 26112K, 99% used [0x00000000b5a00000,0x00000000b73651d8,0x00000000b7380000)
Event: 1484.374 GC heap after
Heap after GC invocations=590 (full 94):
 PSYoungGen      total 233472K, used 0K [0x00000000eaa80000, 0x0000000100000000, 0x0000000100000000)
  eden space 117248K, 0% used [0x00000000eaa80000,0x00000000eaa80000,0x00000000f1d00000)
  from space 116224K, 0% used [0x00000000f8e80000,0x00000000f8e80000,0x0000000100000000)
  to   space 116224K, 0% used [0x00000000f1d00000,0x00000000f1d00000,0x00000000f8e80000)
 ParOldGen       total 538624K, used 224043K [0x00000000c0000000, 0x00000000e0e00000, 0x00000000eaa80000)
  object space 538624K, 41% used [0x00000000c0000000,0x00000000cdacadc8,0x00000000e0e00000)
 PSPermGen       total 26112K, used 26004K [0x00000000b5a00000, 0x00000000b7380000, 0x00000000c0000000)
  object space 26112K, 99% used [0x00000000b5a00000,0x00000000b73651b8,0x00000000b7380000)
}

