# JRE version: OpenJDK Runtime Environment (7.0_65-b32) (build 1.7.0_65-b32)
# Java VM: OpenJDK 64-Bit Server VM (24.65-b04 mixed mode linux-amd64 compressed oops)
Heap
 PSYoungGen      total 346624K, used 126532K [0x00000000eaa80000, 0x0000000100000000, 0x0000000100000000)
  eden space 344576K, 36% used [0x00000000eaa80000,0x00000000f25e9250,0x00000000ffb00000)
  from space 2048K, 7% used [0x00000000ffb00000,0x00000000ffb28000,0x00000000ffd00000)
  to   space 2048K, 0% used [0x00000000ffe00000,0x00000000ffe00000,0x0000000100000000)
 ParOldGen       total 543232K, used 188095K [0x00000000c0000000, 0x00000000e1280000, 0x00000000eaa80000)
  object space 543232K, 34% used [0x00000000c0000000,0x00000000cb7afe88,0x00000000e1280000)
 PSPermGen       total 25600K, used 25229K [0x00000000b5a00000, 0x00000000b7300000, 0x00000000c0000000)
  object space 25600K, 98% used [0x00000000b5a00000,0x00000000b72a37e0,0x00000000b7300000)
GC Heap History (10 events):
Event: 329.345 GC heap before
{Heap before GC invocations=563 (full 38):
 PSYoungGen      total 345600K, used 343712K [0x00000000eaa80000, 0x00000000fff00000, 0x0000000100000000)
  eden space 343552K, 100% used [0x00000000eaa80000,0x00000000ffa00000,0x00000000ffa00000)
  from space 2048K, 7% used [0x00000000ffd00000,0x00000000ffd28000,0x00000000fff00000)
  to   space 2560K, 0% used [0x00000000ffa00000,0x00000000ffa00000,0x00000000ffc80000)
 ParOldGen       total 543232K, used 188095K [0x00000000c0000000, 0x00000000e1280000, 0x00000000eaa80000)
  object space 543232K, 34% used [0x00000000c0000000,0x00000000cb7afe88,0x00000000e1280000)
 PSPermGen       total 25600K, used 25207K [0x00000000b5a00000, 0x00000000b7300000, 0x00000000c0000000)
  object space 25600K, 98% used [0x00000000b5a00000,0x00000000b729dfc8,0x00000000b7300000)
Event: 329.346 GC heap after
Heap after GC invocations=563 (full 38):
 PSYoungGen      total 346112K, used 128K [0x00000000eaa80000, 0x0000000100000000, 0x0000000100000000)
  eden space 343552K, 0% used [0x00000000eaa80000,0x00000000eaa80000,0x00000000ffa00000)
  from space 2560K, 5% used [0x00000000ffa00000,0x00000000ffa20000,0x00000000ffc80000)
  to   space 2560K, 0% used [0x00000000ffd80000,0x00000000ffd80000,0x0000000100000000)
 ParOldGen       total 543232K, used 188095K [0x00000000c0000000, 0x00000000e1280000, 0x00000000eaa80000)
  object space 543232K, 34% used [0x00000000c0000000,0x00000000cb7afe88,0x00000000e1280000)
 PSPermGen       total 25600K, used 25207K [0x00000000b5a00000, 0x00000000b7300000, 0x00000000c0000000)
  object space 25600K, 98% used [0x00000000b5a00000,0x00000000b729dfc8,0x00000000b7300000)
}
Event: 329.548 GC heap before
{Heap before GC invocations=564 (full 38):
 PSYoungGen      total 346112K, used 343680K [0x00000000eaa80000, 0x0000000100000000, 0x0000000100000000)
  eden space 343552K, 100% used [0x00000000eaa80000,0x00000000ffa00000,0x00000000ffa00000)
  from space 2560K, 5% used [0x00000000ffa00000,0x00000000ffa20000,0x00000000ffc80000)
  to   space 2560K, 0% used [0x00000000ffd80000,0x00000000ffd80000,0x0000000100000000)
 ParOldGen       total 543232K, used 188095K [0x00000000c0000000, 0x00000000e1280000, 0x00000000eaa80000)
  object space 543232K, 34% used [0x00000000c0000000,0x00000000cb7afe88,0x00000000e1280000)
 PSPermGen       total 25600K, used 25207K [0x00000000b5a00000, 0x00000000b7300000, 0x00000000c0000000)
  object space 25600K, 98% used [0x00000000b5a00000,0x00000000b729dfc8,0x00000000b7300000)
Event: 329.550 GC heap after
Heap after GC invocations=564 (full 38):
 PSYoungGen      total 347136K, used 160K [0x00000000eaa80000, 0x0000000100000000, 0x0000000100000000)
  eden space 344576K, 0% used [0x00000000eaa80000,0x00000000eaa80000,0x00000000ffb00000)
  from space 2560K, 6% used [0x00000000ffd80000,0x00000000ffda8000,0x0000000100000000)
  to   space 2560K, 0% used [0x00000000ffb00000,0x00000000ffb00000,0x00000000ffd80000)
 ParOldGen       total 543232K, used 188095K [0x00000000c0000000, 0x00000000e1280000, 0x00000000eaa80000)
  object space 543232K, 34% used [0x00000000c0000000,0x00000000cb7afe88,0x00000000e1280000)
 PSPermGen       total 25600K, used 25207K [0x00000000b5a00000, 0x00000000b7300000, 0x00000000c0000000)
  object space 25600K, 98% used [0x00000000b5a00000,0x00000000b729dfc8,0x00000000b7300000)
}
Event: 329.754 GC heap before
{Heap before GC invocations=565 (full 38):
 PSYoungGen      total 347136K, used 344736K [0x00000000eaa80000, 0x0000000100000000, 0x0000000100000000)
  eden space 344576K, 100% used [0x00000000eaa80000,0x00000000ffb00000,0x00000000ffb00000)
  from space 2560K, 6% used [0x00000000ffd80000,0x00000000ffda8000,0x0000000100000000)
  to   space 2560K, 0% used [0x00000000ffb00000,0x00000000ffb00000,0x00000000ffd80000)
 ParOldGen       total 543232K, used 188095K [0x00000000c0000000, 0x00000000e1280000, 0x00000000eaa80000)
  object space 543232K, 34% used [0x00000000c0000000,0x00000000cb7afe88,0x00000000e1280000)
 PSPermGen       total 25600K, used 25207K [0x00000000b5a00000, 0x00000000b7300000, 0x00000000c0000000)
  object space 25600K, 98% used [0x00000000b5a00000,0x00000000b729dfc8,0x00000000b7300000)
Event: 329.756 GC heap after
Heap after GC invocations=565 (full 38):
 PSYoungGen      total 345088K, used 160K [0x00000000eaa80000, 0x00000000fff00000, 0x0000000100000000)
  eden space 344576K, 0% used [0x00000000eaa80000,0x00000000eaa80000,0x00000000ffb00000)
  from space 512K, 31% used [0x00000000ffb00000,0x00000000ffb28000,0x00000000ffb80000)
  to   space 2048K, 0% used [0x00000000ffd00000,0x00000000ffd00000,0x00000000fff00000)
 ParOldGen       total 543232K, used 188095K [0x00000000c0000000, 0x00000000e1280000, 0x00000000eaa80000)
  object space 543232K, 34% used [0x00000000c0000000,0x00000000cb7afe88,0x00000000e1280000)
 PSPermGen       total 25600K, used 25207K [0x00000000b5a00000, 0x00000000b7300000, 0x00000000c0000000)
  object space 25600K, 98% used [0x00000000b5a00000,0x00000000b729dfc8,0x00000000b7300000)
}
Event: 329.958 GC heap before
{Heap before GC invocations=566 (full 38):
 PSYoungGen      total 345088K, used 344736K [0x00000000eaa80000, 0x00000000fff00000, 0x0000000100000000)
  eden space 344576K, 100% used [0x00000000eaa80000,0x00000000ffb00000,0x00000000ffb00000)
  from space 512K, 31% used [0x00000000ffb00000,0x00000000ffb28000,0x00000000ffb80000)
  to   space 2048K, 0% used [0x00000000ffd00000,0x00000000ffd00000,0x00000000fff00000)
 ParOldGen       total 543232K, used 188095K [0x00000000c0000000, 0x00000000e1280000, 0x00000000eaa80000)
  object space 543232K, 34% used [0x00000000c0000000,0x00000000cb7afe88,0x00000000e1280000)
 PSPermGen       total 25600K, used 25207K [0x00000000b5a00000, 0x00000000b7300000, 0x00000000c0000000)
  object space 25600K, 98% used [0x00000000b5a00000,0x00000000b729dfc8,0x00000000b7300000)
Event: 329.960 GC heap after
Heap after GC invocations=566 (full 38):
 PSYoungGen      total 346624K, used 160K [0x00000000eaa80000, 0x0000000100000000, 0x0000000100000000)
  eden space 344576K, 0% used [0x00000000eaa80000,0x00000000eaa80000,0x00000000ffb00000)
  from space 2048K, 7% used [0x00000000ffd00000,0x00000000ffd28000,0x00000000fff00000)
  to   space 2048K, 0% used [0x00000000ffb00000,0x00000000ffb00000,0x00000000ffd00000)
 ParOldGen       total 543232K, used 188095K [0x00000000c0000000, 0x00000000e1280000, 0x00000000eaa80000)
  object space 543232K, 34% used [0x00000000c0000000,0x00000000cb7afe88,0x00000000e1280000)
 PSPermGen       total 25600K, used 25207K [0x00000000b5a00000, 0x00000000b7300000, 0x00000000c0000000)
  object space 25600K, 98% used [0x00000000b5a00000,0x00000000b729dfc8,0x00000000b7300000)
}
Event: 330.166 GC heap before
{Heap before GC invocations=567 (full 38):
 PSYoungGen      total 346624K, used 344736K [0x00000000eaa80000, 0x0000000100000000, 0x0000000100000000)
  eden space 344576K, 100% used [0x00000000eaa80000,0x00000000ffb00000,0x00000000ffb00000)
  from space 2048K, 7% used [0x00000000ffd00000,0x00000000ffd28000,0x00000000fff00000)
  to   space 2048K, 0% used [0x00000000ffb00000,0x00000000ffb00000,0x00000000ffd00000)
 ParOldGen       total 543232K, used 188095K [0x00000000c0000000, 0x00000000e1280000, 0x00000000eaa80000)
  object space 543232K, 34% used [0x00000000c0000000,0x00000000cb7afe88,0x00000000e1280000)
 PSPermGen       total 25600K, used 25207K [0x00000000b5a00000, 0x00000000b7300000, 0x00000000c0000000)
  object space 25600K, 98% used [0x00000000b5a00000,0x00000000b729dfc8,0x00000000b7300000)
Event: 330.167 GC heap after
Heap after GC invocations=567 (full 38):
 PSYoungGen      total 346624K, used 160K [0x00000000eaa80000, 0x0000000100000000, 0x0000000100000000)
  eden space 344576K, 0% used [0x00000000eaa80000,0x00000000eaa80000,0x00000000ffb00000)
  from space 2048K, 7% used [0x00000000ffb00000,0x00000000ffb28000,0x00000000ffd00000)
  to   space 2048K, 0% used [0x00000000ffe00000,0x00000000ffe00000,0x0000000100000000)
 ParOldGen       total 543232K, used 188095K [0x00000000c0000000, 0x00000000e1280000, 0x00000000eaa80000)
  object space 543232K, 34% used [0x00000000c0000000,0x00000000cb7afe88,0x00000000e1280000)
 PSPermGen       total 25600K, used 25207K [0x00000000b5a00000, 0x00000000b7300000, 0x00000000c0000000)
  object space 25600K, 98% used [0x00000000b5a00000,0x00000000b729dfc8,0x00000000b7300000)
}

