# JRE version: OpenJDK Runtime Environment (7.0_75-b13) (build 1.7.0_75-b13)
# Java VM: OpenJDK 64-Bit Server VM (24.75-b04 mixed mode linux-amd64 compressed oops)
Heap
 PSYoungGen      total 74752K, used 4837K [0x00000000eaa80000, 0x00000000efd80000, 0x0000000100000000)
  eden space 64512K, 7% used [0x00000000eaa80000,0x00000000eaf394c0,0x00000000ee980000)
  from space 10240K, 0% used [0x00000000ee980000,0x00000000ee980000,0x00000000ef380000)
  to   space 10240K, 0% used [0x00000000ef380000,0x00000000ef380000,0x00000000efd80000)
 ParOldGen       total 169984K, used 13810K [0x00000000c0000000, 0x00000000ca600000, 0x00000000eaa80000)
  object space 169984K, 8% used [0x00000000c0000000,0x00000000c0d7c8e0,0x00000000ca600000)
 PSPermGen       total 47616K, used 24152K [0x00000000b5a00000, 0x00000000b8880000, 0x00000000c0000000)
  object space 47616K, 50% used [0x00000000b5a00000,0x00000000b7196258,0x00000000b8880000)
GC Heap History (8 events):
Event: 2.702 GC heap before
{Heap before GC invocations=1 (full 0):
 PSYoungGen      total 74752K, used 64512K [0x00000000eaa80000, 0x00000000efd80000, 0x0000000100000000)
  eden space 64512K, 100% used [0x00000000eaa80000,0x00000000ee980000,0x00000000ee980000)
  from space 10240K, 0% used [0x00000000ef380000,0x00000000ef380000,0x00000000efd80000)
  to   space 10240K, 0% used [0x00000000ee980000,0x00000000ee980000,0x00000000ef380000)
 ParOldGen       total 169984K, used 0K [0x00000000c0000000, 0x00000000ca600000, 0x00000000eaa80000)
  object space 169984K, 0% used [0x00000000c0000000,0x00000000c0000000,0x00000000ca600000)
 PSPermGen       total 23040K, used 22647K [0x00000000b5a00000, 0x00000000b7080000, 0x00000000c0000000)
  object space 23040K, 98% used [0x00000000b5a00000,0x00000000b701dd28,0x00000000b7080000)
Event: 2.719 GC heap after
Heap after GC invocations=1 (full 0):
 PSYoungGen      total 74752K, used 10221K [0x00000000eaa80000, 0x00000000efd80000, 0x0000000100000000)
  eden space 64512K, 0% used [0x00000000eaa80000,0x00000000eaa80000,0x00000000ee980000)
  from space 10240K, 99% used [0x00000000ee980000,0x00000000ef37b6f8,0x00000000ef380000)
  to   space 10240K, 0% used [0x00000000ef380000,0x00000000ef380000,0x00000000efd80000)
 ParOldGen       total 169984K, used 3383K [0x00000000c0000000, 0x00000000ca600000, 0x00000000eaa80000)
  object space 169984K, 1% used [0x00000000c0000000,0x00000000c034dc40,0x00000000ca600000)
 PSPermGen       total 23040K, used 22647K [0x00000000b5a00000, 0x00000000b7080000, 0x00000000c0000000)
  object space 23040K, 98% used [0x00000000b5a00000,0x00000000b701dd28,0x00000000b7080000)
}
Event: 15.156 GC heap before
{Heap before GC invocations=2 (full 0):
 PSYoungGen      total 74752K, used 23482K [0x00000000eaa80000, 0x00000000efd80000, 0x0000000100000000)
  eden space 64512K, 20% used [0x00000000eaa80000,0x00000000eb773268,0x00000000ee980000)
  from space 10240K, 99% used [0x00000000ee980000,0x00000000ef37b6f8,0x00000000ef380000)
  to   space 10240K, 0% used [0x00000000ef380000,0x00000000ef380000,0x00000000efd80000)
 ParOldGen       total 169984K, used 3383K [0x00000000c0000000, 0x00000000ca600000, 0x00000000eaa80000)
  object space 169984K, 1% used [0x00000000c0000000,0x00000000c034dc40,0x00000000ca600000)
 PSPermGen       total 24064K, used 23607K [0x00000000b5a00000, 0x00000000b7180000, 0x00000000c0000000)
  object space 24064K, 98% used [0x00000000b5a00000,0x00000000b710ddf0,0x00000000b7180000)
Event: 15.167 GC heap after
Heap after GC invocations=2 (full 0):
 PSYoungGen      total 74752K, used 10222K [0x00000000eaa80000, 0x00000000efd80000, 0x0000000100000000)
  eden space 64512K, 0% used [0x00000000eaa80000,0x00000000eaa80000,0x00000000ee980000)
  from space 10240K, 99% used [0x00000000ef380000,0x00000000efd7b9c8,0x00000000efd80000)
  to   space 10240K, 0% used [0x00000000ee980000,0x00000000ee980000,0x00000000ef380000)
 ParOldGen       total 169984K, used 18146K [0x00000000c0000000, 0x00000000ca600000, 0x00000000eaa80000)
  object space 169984K, 10% used [0x00000000c0000000,0x00000000c11b89f8,0x00000000ca600000)
 PSPermGen       total 24064K, used 23607K [0x00000000b5a00000, 0x00000000b7180000, 0x00000000c0000000)
  object space 24064K, 98% used [0x00000000b5a00000,0x00000000b710ddf0,0x00000000b7180000)
}
Event: 15.180 GC heap before
{Heap before GC invocations=3 (full 0):
 PSYoungGen      total 74752K, used 11914K [0x00000000eaa80000, 0x00000000efd80000, 0x0000000100000000)
  eden space 64512K, 2% used [0x00000000eaa80000,0x00000000eac26f98,0x00000000ee980000)
  from space 10240K, 99% used [0x00000000ef380000,0x00000000efd7b9c8,0x00000000efd80000)
  to   space 10240K, 0% used [0x00000000ee980000,0x00000000ee980000,0x00000000ef380000)
 ParOldGen       total 169984K, used 18146K [0x00000000c0000000, 0x00000000ca600000, 0x00000000eaa80000)
  object space 169984K, 10% used [0x00000000c0000000,0x00000000c11b89f8,0x00000000ca600000)
 PSPermGen       total 24064K, used 23733K [0x00000000b5a00000, 0x00000000b7180000, 0x00000000c0000000)
  object space 24064K, 98% used [0x00000000b5a00000,0x00000000b712d6f0,0x00000000b7180000)
Event: 15.191 GC heap after
Heap after GC invocations=3 (full 0):
 PSYoungGen      total 74752K, used 10215K [0x00000000eaa80000, 0x00000000efd80000, 0x0000000100000000)
  eden space 64512K, 0% used [0x00000000eaa80000,0x00000000eaa80000,0x00000000ee980000)
  from space 10240K, 99% used [0x00000000ee980000,0x00000000ef379eb0,0x00000000ef380000)
  to   space 10240K, 0% used [0x00000000ef380000,0x00000000ef380000,0x00000000efd80000)
 ParOldGen       total 169984K, used 23918K [0x00000000c0000000, 0x00000000ca600000, 0x00000000eaa80000)
  object space 169984K, 14% used [0x00000000c0000000,0x00000000c175bba8,0x00000000ca600000)
 PSPermGen       total 24064K, used 23733K [0x00000000b5a00000, 0x00000000b7180000, 0x00000000c0000000)
  object space 24064K, 98% used [0x00000000b5a00000,0x00000000b712d6f0,0x00000000b7180000)
}
Event: 15.191 GC heap before
{Heap before GC invocations=4 (full 1):
 PSYoungGen      total 74752K, used 10215K [0x00000000eaa80000, 0x00000000efd80000, 0x0000000100000000)
  eden space 64512K, 0% used [0x00000000eaa80000,0x00000000eaa80000,0x00000000ee980000)
  from space 10240K, 99% used [0x00000000ee980000,0x00000000ef379eb0,0x00000000ef380000)
  to   space 10240K, 0% used [0x00000000ef380000,0x00000000ef380000,0x00000000efd80000)
 ParOldGen       total 169984K, used 23918K [0x00000000c0000000, 0x00000000ca600000, 0x00000000eaa80000)
  object space 169984K, 14% used [0x00000000c0000000,0x00000000c175bba8,0x00000000ca600000)
 PSPermGen       total 24064K, used 23733K [0x00000000b5a00000, 0x00000000b7180000, 0x00000000c0000000)
  object space 24064K, 98% used [0x00000000b5a00000,0x00000000b712d6f0,0x00000000b7180000)
Event: 15.255 GC heap after
Heap after GC invocations=4 (full 1):
 PSYoungGen      total 74752K, used 0K [0x00000000eaa80000, 0x00000000efd80000, 0x0000000100000000)
  eden space 64512K, 0% used [0x00000000eaa80000,0x00000000eaa80000,0x00000000ee980000)
  from space 10240K, 0% used [0x00000000ee980000,0x00000000ee980000,0x00000000ef380000)
  to   space 10240K, 0% used [0x00000000ef380000,0x00000000ef380000,0x00000000efd80000)
 ParOldGen       total 169984K, used 13810K [0x00000000c0000000, 0x00000000ca600000, 0x00000000eaa80000)
  object space 169984K, 8% used [0x00000000c0000000,0x00000000c0d7c8e0,0x00000000ca600000)
 PSPermGen       total 47616K, used 23726K [0x00000000b5a00000, 0x00000000b8880000, 0x00000000c0000000)
  object space 47616K, 49% used [0x00000000b5a00000,0x00000000b712b828,0x00000000b8880000)
}

