# JRE version: OpenJDK Runtime Environment (7.0_65-b32) (build 1.7.0_65-b32)
# Java VM: OpenJDK 64-Bit Server VM (24.65-b04 mixed mode linux-amd64 compressed oops)
Heap
 PSYoungGen      total 155136K, used 97026K [0x00000000eaa80000, 0x0000000100000000, 0x0000000100000000)
  eden space 154624K, 62% used [0x00000000eaa80000,0x00000000f09088b0,0x00000000f4180000)
  from space 512K, 43% used [0x00000000fff00000,0x00000000fff38000,0x00000000fff80000)
  to   space 512K, 0% used [0x00000000fff80000,0x00000000fff80000,0x0000000100000000)
 ParOldGen       total 298496K, used 107731K [0x00000000c0000000, 0x00000000d2380000, 0x00000000eaa80000)
  object space 298496K, 36% used [0x00000000c0000000,0x00000000c6934c08,0x00000000d2380000)
 PSPermGen       total 26112K, used 25752K [0x00000000b5a00000, 0x00000000b7380000, 0x00000000c0000000)
  object space 26112K, 98% used [0x00000000b5a00000,0x00000000b7326000,0x00000000b7380000)
GC Heap History (10 events):
Event: 19824.098 GC heap before
{Heap before GC invocations=3875 (full 34):
 PSYoungGen      total 162304K, used 161952K [0x00000000eaa80000, 0x0000000100000000, 0x0000000100000000)
  eden space 161792K, 100% used [0x00000000eaa80000,0x00000000f4880000,0x00000000f4880000)
  from space 512K, 31% used [0x00000000fff80000,0x00000000fffa8000,0x0000000100000000)
  to   space 512K, 0% used [0x00000000fff00000,0x00000000fff00000,0x00000000fff80000)
 ParOldGen       total 298496K, used 107731K [0x00000000c0000000, 0x00000000d2380000, 0x00000000eaa80000)
  object space 298496K, 36% used [0x00000000c0000000,0x00000000c6934c08,0x00000000d2380000)
 PSPermGen       total 26112K, used 25742K [0x00000000b5a00000, 0x00000000b7380000, 0x00000000c0000000)
  object space 26112K, 98% used [0x00000000b5a00000,0x00000000b7323b70,0x00000000b7380000)
Event: 19824.099 GC heap after
Heap after GC invocations=3875 (full 34):
 PSYoungGen      total 169984K, used 160K [0x00000000eaa80000, 0x0000000100000000, 0x0000000100000000)
  eden space 169472K, 0% used [0x00000000eaa80000,0x00000000eaa80000,0x00000000f5000000)
  from space 512K, 31% used [0x00000000fff00000,0x00000000fff28000,0x00000000fff80000)
  to   space 512K, 0% used [0x00000000fff80000,0x00000000fff80000,0x0000000100000000)
 ParOldGen       total 298496K, used 107731K [0x00000000c0000000, 0x00000000d2380000, 0x00000000eaa80000)
  object space 298496K, 36% used [0x00000000c0000000,0x00000000c6934c08,0x00000000d2380000)
 PSPermGen       total 26112K, used 25742K [0x00000000b5a00000, 0x00000000b7380000, 0x00000000c0000000)
  object space 26112K, 98% used [0x00000000b5a00000,0x00000000b7323b70,0x00000000b7380000)
}
Event: 19824.414 GC heap before
{Heap before GC invocations=3876 (full 34):
 PSYoungGen      total 169984K, used 169632K [0x00000000eaa80000, 0x0000000100000000, 0x0000000100000000)
  eden space 169472K, 100% used [0x00000000eaa80000,0x00000000f5000000,0x00000000f5000000)
  from space 512K, 31% used [0x00000000fff00000,0x00000000fff28000,0x00000000fff80000)
  to   space 512K, 0% used [0x00000000fff80000,0x00000000fff80000,0x0000000100000000)
 ParOldGen       total 298496K, used 107731K [0x00000000c0000000, 0x00000000d2380000, 0x00000000eaa80000)
  object space 298496K, 36% used [0x00000000c0000000,0x00000000c6934c08,0x00000000d2380000)
 PSPermGen       total 26112K, used 25742K [0x00000000b5a00000, 0x00000000b7380000, 0x00000000c0000000)
  object space 26112K, 98% used [0x00000000b5a00000,0x00000000b7323b70,0x00000000b7380000)
Event: 19824.415 GC heap after
Heap after GC invocations=3876 (full 34):
 PSYoungGen      total 165888K, used 224K [0x00000000eaa80000, 0x0000000100000000, 0x0000000100000000)
  eden space 165376K, 0% used [0x00000000eaa80000,0x00000000eaa80000,0x00000000f4c00000)
  from space 512K, 43% used [0x00000000fff80000,0x00000000fffb8000,0x0000000100000000)
  to   space 512K, 0% used [0x00000000fff00000,0x00000000fff00000,0x00000000fff80000)
 ParOldGen       total 298496K, used 107731K [0x00000000c0000000, 0x00000000d2380000, 0x00000000eaa80000)
  object space 298496K, 36% used [0x00000000c0000000,0x00000000c6934c08,0x00000000d2380000)
 PSPermGen       total 26112K, used 25742K [0x00000000b5a00000, 0x00000000b7380000, 0x00000000c0000000)
  object space 26112K, 98% used [0x00000000b5a00000,0x00000000b7323b70,0x00000000b7380000)
}
Event: 19824.724 GC heap before
{Heap before GC invocations=3877 (full 34):
 PSYoungGen      total 165888K, used 165600K [0x00000000eaa80000, 0x0000000100000000, 0x0000000100000000)
  eden space 165376K, 100% used [0x00000000eaa80000,0x00000000f4c00000,0x00000000f4c00000)
  from space 512K, 43% used [0x00000000fff80000,0x00000000fffb8000,0x0000000100000000)
  to   space 512K, 0% used [0x00000000fff00000,0x00000000fff00000,0x00000000fff80000)
 ParOldGen       total 298496K, used 107731K [0x00000000c0000000, 0x00000000d2380000, 0x00000000eaa80000)
  object space 298496K, 36% used [0x00000000c0000000,0x00000000c6934c08,0x00000000d2380000)
 PSPermGen       total 26112K, used 25742K [0x00000000b5a00000, 0x00000000b7380000, 0x00000000c0000000)
  object space 26112K, 98% used [0x00000000b5a00000,0x00000000b7323b70,0x00000000b7380000)
Event: 19824.725 GC heap after
Heap after GC invocations=3877 (full 34):
 PSYoungGen      total 162304K, used 224K [0x00000000eaa80000, 0x0000000100000000, 0x0000000100000000)
  eden space 161792K, 0% used [0x00000000eaa80000,0x00000000eaa80000,0x00000000f4880000)
  from space 512K, 43% used [0x00000000fff00000,0x00000000fff38000,0x00000000fff80000)
  to   space 512K, 0% used [0x00000000fff80000,0x00000000fff80000,0x0000000100000000)
 ParOldGen       total 298496K, used 107731K [0x00000000c0000000, 0x00000000d2380000, 0x00000000eaa80000)
  object space 298496K, 36% used [0x00000000c0000000,0x00000000c6934c08,0x00000000d2380000)
 PSPermGen       total 26112K, used 25742K [0x00000000b5a00000, 0x00000000b7380000, 0x00000000c0000000)
  object space 26112K, 98% used [0x00000000b5a00000,0x00000000b7323b70,0x00000000b7380000)
}
Event: 19825.022 GC heap before
{Heap before GC invocations=3878 (full 34):
 PSYoungGen      total 162304K, used 162016K [0x00000000eaa80000, 0x0000000100000000, 0x0000000100000000)
  eden space 161792K, 100% used [0x00000000eaa80000,0x00000000f4880000,0x00000000f4880000)
  from space 512K, 43% used [0x00000000fff00000,0x00000000fff38000,0x00000000fff80000)
  to   space 512K, 0% used [0x00000000fff80000,0x00000000fff80000,0x0000000100000000)
 ParOldGen       total 298496K, used 107731K [0x00000000c0000000, 0x00000000d2380000, 0x00000000eaa80000)
  object space 298496K, 36% used [0x00000000c0000000,0x00000000c6934c08,0x00000000d2380000)
 PSPermGen       total 26112K, used 25742K [0x00000000b5a00000, 0x00000000b7380000, 0x00000000c0000000)
  object space 26112K, 98% used [0x00000000b5a00000,0x00000000b7323b70,0x00000000b7380000)
Event: 19825.024 GC heap after
Heap after GC invocations=3878 (full 34):
 PSYoungGen      total 158720K, used 224K [0x00000000eaa80000, 0x0000000100000000, 0x0000000100000000)
  eden space 158208K, 0% used [0x00000000eaa80000,0x00000000eaa80000,0x00000000f4500000)
  from space 512K, 43% used [0x00000000fff80000,0x00000000fffb8000,0x0000000100000000)
  to   space 512K, 0% used [0x00000000fff00000,0x00000000fff00000,0x00000000fff80000)
 ParOldGen       total 298496K, used 107731K [0x00000000c0000000, 0x00000000d2380000, 0x00000000eaa80000)
  object space 298496K, 36% used [0x00000000c0000000,0x00000000c6934c08,0x00000000d2380000)
 PSPermGen       total 26112K, used 25742K [0x00000000b5a00000, 0x00000000b7380000, 0x00000000c0000000)
  object space 26112K, 98% used [0x00000000b5a00000,0x00000000b7323b70,0x00000000b7380000)
}
Event: 19825.312 GC heap before
{Heap before GC invocations=3879 (full 34):
 PSYoungGen      total 158720K, used 158432K [0x00000000eaa80000, 0x0000000100000000, 0x0000000100000000)
  eden space 158208K, 100% used [0x00000000eaa80000,0x00000000f4500000,0x00000000f4500000)
  from space 512K, 43% used [0x00000000fff80000,0x00000000fffb8000,0x0000000100000000)
  to   space 512K, 0% used [0x00000000fff00000,0x00000000fff00000,0x00000000fff80000)
 ParOldGen       total 298496K, used 107731K [0x00000000c0000000, 0x00000000d2380000, 0x00000000eaa80000)
  object space 298496K, 36% used [0x00000000c0000000,0x00000000c6934c08,0x00000000d2380000)
 PSPermGen       total 26112K, used 25742K [0x00000000b5a00000, 0x00000000b7380000, 0x00000000c0000000)
  object space 26112K, 98% used [0x00000000b5a00000,0x00000000b7323b70,0x00000000b7380000)
Event: 19825.314 GC heap after
Heap after GC invocations=3879 (full 34):
 PSYoungGen      total 155136K, used 224K [0x00000000eaa80000, 0x0000000100000000, 0x0000000100000000)
  eden space 154624K, 0% used [0x00000000eaa80000,0x00000000eaa80000,0x00000000f4180000)
  from space 512K, 43% used [0x00000000fff00000,0x00000000fff38000,0x00000000fff80000)
  to   space 512K, 0% used [0x00000000fff80000,0x00000000fff80000,0x0000000100000000)
 ParOldGen       total 298496K, used 107731K [0x00000000c0000000, 0x00000000d2380000, 0x00000000eaa80000)
  object space 298496K, 36% used [0x00000000c0000000,0x00000000c6934c08,0x00000000d2380000)
 PSPermGen       total 26112K, used 25742K [0x00000000b5a00000, 0x00000000b7380000, 0x00000000c0000000)
  object space 26112K, 98% used [0x00000000b5a00000,0x00000000b7323b70,0x00000000b7380000)
}

