# JRE version: OpenJDK Runtime Environment (7.0_55-b14) (build 1.7.0_55-b14)
# Java VM: OpenJDK 64-Bit Server VM (24.51-b03 mixed mode linux-amd64 compressed oops)
Heap
 PSYoungGen      total 74752K, used 11088K [0x00000000eaa80000, 0x00000000efd80000, 0x0000000100000000)
  eden space 64512K, 6% used [0x00000000eaa80000,0x00000000eae74240,0x00000000ee980000)
  from space 10240K, 68% used [0x00000000ee980000,0x00000000ef060000,0x00000000ef380000)
  to   space 10240K, 0% used [0x00000000ef380000,0x00000000ef380000,0x00000000efd80000)
 ParOldGen       total 169984K, used 17954K [0x00000000c0000000, 0x00000000ca600000, 0x00000000eaa80000)
  object space 169984K, 10% used [0x00000000c0000000,0x00000000c11889a0,0x00000000ca600000)
 PSPermGen       total 38400K, used 24270K [0x00000000b5a00000, 0x00000000b7f80000, 0x00000000c0000000)
  object space 38400K, 63% used [0x00000000b5a00000,0x00000000b71b3a38,0x00000000b7f80000)
GC Heap History (10 events):
Event: 15.442 GC heap before
{Heap before GC invocations=16 (full 7):
 PSYoungGen      total 74752K, used 63585K [0x00000000eaa80000, 0x00000000efd80000, 0x0000000100000000)
  eden space 64512K, 98% used [0x00000000eaa80000,0x00000000ee8984c0,0x00000000ee980000)
  from space 10240K, 0% used [0x00000000ef380000,0x00000000ef380000,0x00000000efd80000)
  to   space 10240K, 0% used [0x00000000ee980000,0x00000000ee980000,0x00000000ef380000)
 ParOldGen       total 169984K, used 18186K [0x00000000c0000000, 0x00000000ca600000, 0x00000000eaa80000)
  object space 169984K, 10% used [0x00000000c0000000,0x00000000c11c2830,0x00000000ca600000)
 PSPermGen       total 42496K, used 23991K [0x00000000b5a00000, 0x00000000b8380000, 0x00000000c0000000)
  object space 42496K, 56% used [0x00000000b5a00000,0x00000000b716deb0,0x00000000b8380000)
Event: 15.444 GC heap after
Heap after GC invocations=16 (full 7):
 PSYoungGen      total 74752K, used 6720K [0x00000000eaa80000, 0x00000000efd80000, 0x0000000100000000)
  eden space 64512K, 0% used [0x00000000eaa80000,0x00000000eaa80000,0x00000000ee980000)
  from space 10240K, 65% used [0x00000000ee980000,0x00000000ef010000,0x00000000ef380000)
  to   space 10240K, 0% used [0x00000000ef380000,0x00000000ef380000,0x00000000efd80000)
 ParOldGen       total 169984K, used 18186K [0x00000000c0000000, 0x00000000ca600000, 0x00000000eaa80000)
  object space 169984K, 10% used [0x00000000c0000000,0x00000000c11c2830,0x00000000ca600000)
 PSPermGen       total 42496K, used 23991K [0x00000000b5a00000, 0x00000000b8380000, 0x00000000c0000000)
  object space 42496K, 56% used [0x00000000b5a00000,0x00000000b716deb0,0x00000000b8380000)
}
Event: 15.444 GC heap before
{Heap before GC invocations=17 (full 8):
 PSYoungGen      total 74752K, used 6720K [0x00000000eaa80000, 0x00000000efd80000, 0x0000000100000000)
  eden space 64512K, 0% used [0x00000000eaa80000,0x00000000eaa80000,0x00000000ee980000)
  from space 10240K, 65% used [0x00000000ee980000,0x00000000ef010000,0x00000000ef380000)
  to   space 10240K, 0% used [0x00000000ef380000,0x00000000ef380000,0x00000000efd80000)
 ParOldGen       total 169984K, used 18186K [0x00000000c0000000, 0x00000000ca600000, 0x00000000eaa80000)
  object space 169984K, 10% used [0x00000000c0000000,0x00000000c11c2830,0x00000000ca600000)
 PSPermGen       total 42496K, used 23991K [0x00000000b5a00000, 0x00000000b8380000, 0x00000000c0000000)
  object space 42496K, 56% used [0x00000000b5a00000,0x00000000b716deb0,0x00000000b8380000)
Event: 15.493 GC heap after
Heap after GC invocations=17 (full 8):
 PSYoungGen      total 74752K, used 0K [0x00000000eaa80000, 0x00000000efd80000, 0x0000000100000000)
  eden space 64512K, 0% used [0x00000000eaa80000,0x00000000eaa80000,0x00000000ee980000)
  from space 10240K, 0% used [0x00000000ee980000,0x00000000ee980000,0x00000000ef380000)
  to   space 10240K, 0% used [0x00000000ef380000,0x00000000ef380000,0x00000000efd80000)
 ParOldGen       total 169984K, used 24050K [0x00000000c0000000, 0x00000000ca600000, 0x00000000eaa80000)
  object space 169984K, 14% used [0x00000000c0000000,0x00000000c177c988,0x00000000ca600000)
 PSPermGen       total 40448K, used 23991K [0x00000000b5a00000, 0x00000000b8180000, 0x00000000c0000000)
  object space 40448K, 59% used [0x00000000b5a00000,0x00000000b716dd70,0x00000000b8180000)
}
Event: 15.768 GC heap before
{Heap before GC invocations=18 (full 8):
 PSYoungGen      total 74752K, used 39409K [0x00000000eaa80000, 0x00000000efd80000, 0x0000000100000000)
  eden space 64512K, 61% used [0x00000000eaa80000,0x00000000ed0fc658,0x00000000ee980000)
  from space 10240K, 0% used [0x00000000ee980000,0x00000000ee980000,0x00000000ef380000)
  to   space 10240K, 0% used [0x00000000ef380000,0x00000000ef380000,0x00000000efd80000)
 ParOldGen       total 169984K, used 24050K [0x00000000c0000000, 0x00000000ca600000, 0x00000000eaa80000)
  object space 169984K, 14% used [0x00000000c0000000,0x00000000c177c988,0x00000000ca600000)
 PSPermGen       total 40448K, used 24016K [0x00000000b5a00000, 0x00000000b8180000, 0x00000000c0000000)
  object space 40448K, 59% used [0x00000000b5a00000,0x00000000b71740f0,0x00000000b8180000)
Event: 15.769 GC heap after
Heap after GC invocations=18 (full 8):
 PSYoungGen      total 74752K, used 880K [0x00000000eaa80000, 0x00000000efd80000, 0x0000000100000000)
  eden space 64512K, 0% used [0x00000000eaa80000,0x00000000eaa80000,0x00000000ee980000)
  from space 10240K, 8% used [0x00000000ef380000,0x00000000ef45c010,0x00000000efd80000)
  to   space 10240K, 0% used [0x00000000ee980000,0x00000000ee980000,0x00000000ef380000)
 ParOldGen       total 169984K, used 24050K [0x00000000c0000000, 0x00000000ca600000, 0x00000000eaa80000)
  object space 169984K, 14% used [0x00000000c0000000,0x00000000c177c988,0x00000000ca600000)
 PSPermGen       total 40448K, used 24016K [0x00000000b5a00000, 0x00000000b8180000, 0x00000000c0000000)
  object space 40448K, 59% used [0x00000000b5a00000,0x00000000b71740f0,0x00000000b8180000)
}
Event: 15.770 GC heap before
{Heap before GC invocations=19 (full 9):
 PSYoungGen      total 74752K, used 880K [0x00000000eaa80000, 0x00000000efd80000, 0x0000000100000000)
  eden space 64512K, 0% used [0x00000000eaa80000,0x00000000eaa80000,0x00000000ee980000)
  from space 10240K, 8% used [0x00000000ef380000,0x00000000ef45c010,0x00000000efd80000)
  to   space 10240K, 0% used [0x00000000ee980000,0x00000000ee980000,0x00000000ef380000)
 ParOldGen       total 169984K, used 24050K [0x00000000c0000000, 0x00000000ca600000, 0x00000000eaa80000)
  object space 169984K, 14% used [0x00000000c0000000,0x00000000c177c988,0x00000000ca600000)
 PSPermGen       total 40448K, used 24016K [0x00000000b5a00000, 0x00000000b8180000, 0x00000000c0000000)
  object space 40448K, 59% used [0x00000000b5a00000,0x00000000b71740f0,0x00000000b8180000)
Event: 15.805 GC heap after
Heap after GC invocations=19 (full 9):
 PSYoungGen      total 74752K, used 0K [0x00000000eaa80000, 0x00000000efd80000, 0x0000000100000000)
  eden space 64512K, 0% used [0x00000000eaa80000,0x00000000eaa80000,0x00000000ee980000)
  from space 10240K, 0% used [0x00000000ef380000,0x00000000ef380000,0x00000000efd80000)
  to   space 10240K, 0% used [0x00000000ee980000,0x00000000ee980000,0x00000000ef380000)
 ParOldGen       total 169984K, used 17954K [0x00000000c0000000, 0x00000000ca600000, 0x00000000eaa80000)
  object space 169984K, 10% used [0x00000000c0000000,0x00000000c11889a0,0x00000000ca600000)
 PSPermGen       total 38400K, used 24016K [0x00000000b5a00000, 0x00000000b7f80000, 0x00000000c0000000)
  object space 38400K, 62% used [0x00000000b5a00000,0x00000000b71740d0,0x00000000b7f80000)
}
Event: 16.455 GC heap before
{Heap before GC invocations=20 (full 9):
 PSYoungGen      total 74752K, used 64512K [0x00000000eaa80000, 0x00000000efd80000, 0x0000000100000000)
  eden space 64512K, 100% used [0x00000000eaa80000,0x00000000ee980000,0x00000000ee980000)
  from space 10240K, 0% used [0x00000000ef380000,0x00000000ef380000,0x00000000efd80000)
  to   space 10240K, 0% used [0x00000000ee980000,0x00000000ee980000,0x00000000ef380000)
 ParOldGen       total 169984K, used 17954K [0x00000000c0000000, 0x00000000ca600000, 0x00000000eaa80000)
  object space 169984K, 10% used [0x00000000c0000000,0x00000000c11889a0,0x00000000ca600000)
 PSPermGen       total 38400K, used 24149K [0x00000000b5a00000, 0x00000000b7f80000, 0x00000000c0000000)
  object space 38400K, 62% used [0x00000000b5a00000,0x00000000b7195400,0x00000000b7f80000)
Event: 16.460 GC heap after
Heap after GC invocations=20 (full 9):
 PSYoungGen      total 74752K, used 7040K [0x00000000eaa80000, 0x00000000efd80000, 0x0000000100000000)
  eden space 64512K, 0% used [0x00000000eaa80000,0x00000000eaa80000,0x00000000ee980000)
  from space 10240K, 68% used [0x00000000ee980000,0x00000000ef060000,0x00000000ef380000)
  to   space 10240K, 0% used [0x00000000ef380000,0x00000000ef380000,0x00000000efd80000)
 ParOldGen       total 169984K, used 17954K [0x00000000c0000000, 0x00000000ca600000, 0x00000000eaa80000)
  object space 169984K, 10% used [0x00000000c0000000,0x00000000c11889a0,0x00000000ca600000)
 PSPermGen       total 38400K, used 24149K [0x00000000b5a00000, 0x00000000b7f80000, 0x00000000c0000000)
  object space 38400K, 62% used [0x00000000b5a00000,0x00000000b7195400,0x00000000b7f80000)
}

