# JRE version: Java(TM) SE Runtime Environment (8.0_71-b15) (build 1.8.0_71-b15)
# Java VM: Java HotSpot(TM) 64-Bit Server VM (25.71-b15 mixed mode bsd-amd64 compressed oops)
Heap:
 PSYoungGen      total 2396672K, used 82576K [0x0000000717980000, 0x00000007bec00000, 0x00000007c0000000)
  eden space 2054656K, 4% used [0x0000000717980000,0x000000071ca243e8,0x0000000795000000)
  from space 342016K, 0% used [0x0000000795000000,0x0000000795000000,0x00000007a9e00000)
  to   space 342016K, 0% used [0x00000007a9e00000,0x00000007a9e00000,0x00000007bec00000)
 ParOldGen       total 5477888K, used 8443K [0x00000005c6c00000, 0x0000000715180000, 0x0000000717980000)
  object space 5477888K, 0% used [0x00000005c6c00000,0x00000005c743ec28,0x0000000715180000)
 Metaspace       used 19130K, capacity 19546K, committed 19712K, reserved 1067008K
  class space    used 2418K, capacity 2521K, committed 2560K, reserved 1048576K
GC Heap History (10 events):
Event: 90.303 GC heap before
{Heap before GC invocations=10 (full 5):
 PSYoungGen      total 2396672K, used 96K [0x0000000717980000, 0x00000007bec00000, 0x00000007c0000000)
  eden space 2054656K, 0% used [0x0000000717980000,0x0000000717980000,0x0000000795000000)
  from space 342016K, 0% used [0x0000000795000000,0x0000000795018000,0x00000007a9e00000)
  to   space 342016K, 0% used [0x00000007a9e00000,0x00000007a9e00000,0x00000007bec00000)
 ParOldGen       total 5477888K, used 8415K [0x00000005c6c00000, 0x0000000715180000, 0x0000000717980000)
  object space 5477888K, 0% used [0x00000005c6c00000,0x00000005c7437e50,0x0000000715180000)
 Metaspace       used 18933K, capacity 19404K, committed 19712K, reserved 1067008K
  class space    used 2417K, capacity 2520K, committed 2560K, reserved 1048576K
Event: 90.358 GC heap after
Heap after GC invocations=10 (full 5):
 PSYoungGen      total 2396672K, used 0K [0x0000000717980000, 0x00000007bec00000, 0x00000007c0000000)
  eden space 2054656K, 0% used [0x0000000717980000,0x0000000717980000,0x0000000795000000)
  from space 342016K, 0% used [0x0000000795000000,0x0000000795000000,0x00000007a9e00000)
  to   space 342016K, 0% used [0x00000007a9e00000,0x00000007a9e00000,0x00000007bec00000)
 ParOldGen       total 5477888K, used 8369K [0x00000005c6c00000, 0x0000000715180000, 0x0000000717980000)
  object space 5477888K, 0% used [0x00000005c6c00000,0x00000005c742c7a8,0x0000000715180000)
 Metaspace       used 18933K, capacity 19404K, committed 19712K, reserved 1067008K
  class space    used 2417K, capacity 2520K, committed 2560K, reserved 1048576K
}
Event: 90.360 GC heap before
{Heap before GC invocations=11 (full 5):
 PSYoungGen      total 2396672K, used 41483K [0x0000000717980000, 0x00000007bec00000, 0x00000007c0000000)
  eden space 2054656K, 2% used [0x0000000717980000,0x000000071a202f58,0x0000000795000000)
  from space 342016K, 0% used [0x0000000795000000,0x0000000795000000,0x00000007a9e00000)
  to   space 342016K, 0% used [0x00000007a9e00000,0x00000007a9e00000,0x00000007bec00000)
 ParOldGen       total 5477888K, used 8369K [0x00000005c6c00000, 0x0000000715180000, 0x0000000717980000)
  object space 5477888K, 0% used [0x00000005c6c00000,0x00000005c742c7a8,0x0000000715180000)
 Metaspace       used 18933K, capacity 19404K, committed 19712K, reserved 1067008K
  class space    used 2417K, capacity 2520K, committed 2560K, reserved 1048576K
Event: 90.362 GC heap after
Heap after GC invocations=11 (full 5):
 PSYoungGen      total 2396672K, used 32K [0x0000000717980000, 0x00000007bec00000, 0x00000007c0000000)
  eden space 2054656K, 0% used [0x0000000717980000,0x0000000717980000,0x0000000795000000)
  from space 342016K, 0% used [0x00000007a9e00000,0x00000007a9e08000,0x00000007bec00000)
  to   space 342016K, 0% used [0x0000000795000000,0x0000000795000000,0x00000007a9e00000)
 ParOldGen       total 5477888K, used 8369K [0x00000005c6c00000, 0x0000000715180000, 0x0000000717980000)
  object space 5477888K, 0% used [0x00000005c6c00000,0x00000005c742c7a8,0x0000000715180000)
 Metaspace       used 18933K, capacity 19404K, committed 19712K, reserved 1067008K
  class space    used 2417K, capacity 2520K, committed 2560K, reserved 1048576K
}
Event: 90.362 GC heap before
{Heap before GC invocations=12 (full 6):
 PSYoungGen      total 2396672K, used 32K [0x0000000717980000, 0x00000007bec00000, 0x00000007c0000000)
  eden space 2054656K, 0% used [0x0000000717980000,0x0000000717980000,0x0000000795000000)
  from space 342016K, 0% used [0x00000007a9e00000,0x00000007a9e08000,0x00000007bec00000)
  to   space 342016K, 0% used [0x0000000795000000,0x0000000795000000,0x00000007a9e00000)
 ParOldGen       total 5477888K, used 8369K [0x00000005c6c00000, 0x0000000715180000, 0x0000000717980000)
  object space 5477888K, 0% used [0x00000005c6c00000,0x00000005c742c7a8,0x0000000715180000)
 Metaspace       used 18933K, capacity 19404K, committed 19712K, reserved 1067008K
  class space    used 2417K, capacity 2520K, committed 2560K, reserved 1048576K
Event: 90.396 GC heap after
Heap after GC invocations=12 (full 6):
 PSYoungGen      total 2396672K, used 0K [0x0000000717980000, 0x00000007bec00000, 0x00000007c0000000)
  eden space 2054656K, 0% used [0x0000000717980000,0x0000000717980000,0x0000000795000000)
  from space 342016K, 0% used [0x00000007a9e00000,0x00000007a9e00000,0x00000007bec00000)
  to   space 342016K, 0% used [0x0000000795000000,0x0000000795000000,0x00000007a9e00000)
 ParOldGen       total 5477888K, used 8370K [0x00000005c6c00000, 0x0000000715180000, 0x0000000717980000)
  object space 5477888K, 0% used [0x00000005c6c00000,0x00000005c742cbb0,0x0000000715180000)
 Metaspace       used 18933K, capacity 19404K, committed 19712K, reserved 1067008K
  class space    used 2417K, capacity 2520K, committed 2560K, reserved 1048576K
}
Event: 176.962 GC heap before
{Heap before GC invocations=13 (full 6):
 PSYoungGen      total 2396672K, used 246949K [0x0000000717980000, 0x00000007bec00000, 0x00000007c0000000)
  eden space 2054656K, 12% used [0x0000000717980000,0x0000000726aa9760,0x0000000795000000)
  from space 342016K, 0% used [0x00000007a9e00000,0x00000007a9e00000,0x00000007bec00000)
  to   space 342016K, 0% used [0x0000000795000000,0x0000000795000000,0x00000007a9e00000)
 ParOldGen       total 5477888K, used 8370K [0x00000005c6c00000, 0x0000000715180000, 0x0000000717980000)
  object space 5477888K, 0% used [0x00000005c6c00000,0x00000005c742cbb0,0x0000000715180000)
 Metaspace       used 19048K, capacity 19476K, committed 19712K, reserved 1067008K
  class space    used 2417K, capacity 2520K, committed 2560K, reserved 1048576K
Event: 176.970 GC heap after
Heap after GC invocations=13 (full 6):
 PSYoungGen      total 2396672K, used 416K [0x0000000717980000, 0x00000007bec00000, 0x00000007c0000000)
  eden space 2054656K, 0% used [0x0000000717980000,0x0000000717980000,0x0000000795000000)
  from space 342016K, 0% used [0x0000000795000000,0x0000000795068000,0x00000007a9e00000)
  to   space 342016K, 0% used [0x00000007a9e00000,0x00000007a9e00000,0x00000007bec00000)
 ParOldGen       total 5477888K, used 8370K [0x00000005c6c00000, 0x0000000715180000, 0x0000000717980000)
  object space 5477888K, 0% used [0x00000005c6c00000,0x00000005c742cbb0,0x0000000715180000)
 Metaspace       used 19048K, capacity 19476K, committed 19712K, reserved 1067008K
  class space    used 2417K, capacity 2520K, committed 2560K, reserved 1048576K
}
Event: 176.970 GC heap before
{Heap before GC invocations=14 (full 7):
 PSYoungGen      total 2396672K, used 416K [0x0000000717980000, 0x00000007bec00000, 0x00000007c0000000)
  eden space 2054656K, 0% used [0x0000000717980000,0x0000000717980000,0x0000000795000000)
  from space 342016K, 0% used [0x0000000795000000,0x0000000795068000,0x00000007a9e00000)
  to   space 342016K, 0% used [0x00000007a9e00000,0x00000007a9e00000,0x00000007bec00000)
 ParOldGen       total 5477888K, used 8370K [0x00000005c6c00000, 0x0000000715180000, 0x0000000717980000)
  object space 5477888K, 0% used [0x00000005c6c00000,0x00000005c742cbb0,0x0000000715180000)
 Metaspace       used 19048K, capacity 19476K, committed 19712K, reserved 1067008K
  class space    used 2417K, capacity 2520K, committed 2560K, reserved 1048576K
Event: 177.037 GC heap after
Heap after GC invocations=14 (full 7):
 PSYoungGen      total 2396672K, used 0K [0x0000000717980000, 0x00000007bec00000, 0x00000007c0000000)
  eden space 2054656K, 0% used [0x0000000717980000,0x0000000717980000,0x0000000795000000)
  from space 342016K, 0% used [0x0000000795000000,0x0000000795000000,0x00000007a9e00000)
  to   space 342016K, 0% used [0x00000007a9e00000,0x00000007a9e00000,0x00000007bec00000)
 ParOldGen       total 5477888K, used 8443K [0x00000005c6c00000, 0x0000000715180000, 0x0000000717980000)
  object space 5477888K, 0% used [0x00000005c6c00000,0x00000005c743ec28,0x0000000715180000)
 Metaspace       used 19048K, capacity 19476K, committed 19712K, reserved 1067008K
  class space    used 2417K, capacity 2520K, committed 2560K, reserved 1048576K
}

