# JRE version: Java(TM) SE Runtime Environment (8.0_71-b15) (build 1.8.0_71-b15)
# Java VM: Java HotSpot(TM) 64-Bit Server VM (25.71-b15 mixed mode bsd-amd64 compressed oops)
Heap:
 PSYoungGen      total 50176K, used 14849K [0x0000000795580000, 0x0000000798b80000, 0x00000007c0000000)
  eden space 45056K, 32% used [0x0000000795580000,0x00000007964005d0,0x0000000798180000)
  from space 5120K, 0% used [0x0000000798180000,0x0000000798180000,0x0000000798680000)
  to   space 5120K, 0% used [0x0000000798680000,0x0000000798680000,0x0000000798b80000)
 ParOldGen       total 60416K, used 10367K [0x0000000740000000, 0x0000000743b00000, 0x0000000795580000)
  object space 60416K, 17% used [0x0000000740000000,0x0000000740a1fdc8,0x0000000743b00000)
 Metaspace       used 24330K, capacity 24672K, committed 24960K, reserved 1071104K
  class space    used 3065K, capacity 3136K, committed 3200K, reserved 1048576K
GC Heap History (10 events):
Event: 40.182 GC heap before
{Heap before GC invocations=17 (full 8):
 PSYoungGen      total 50176K, used 138K [0x0000000795580000, 0x0000000798b80000, 0x00000007c0000000)
  eden space 45056K, 0% used [0x0000000795580000,0x0000000795580000,0x0000000798180000)
  from space 5120K, 2% used [0x0000000798180000,0x00000007981a28d0,0x0000000798680000)
  to   space 5120K, 0% used [0x0000000798680000,0x0000000798680000,0x0000000798b80000)
 ParOldGen       total 60416K, used 10275K [0x0000000740000000, 0x0000000743b00000, 0x0000000795580000)
  object space 60416K, 17% used [0x0000000740000000,0x0000000740a08fe8,0x0000000743b00000)
 Metaspace       used 24010K, capacity 24338K, committed 24704K, reserved 1071104K
  class space    used 3056K, capacity 3135K, committed 3200K, reserved 1048576K
Event: 40.209 GC heap after
Heap after GC invocations=17 (full 8):
 PSYoungGen      total 50176K, used 0K [0x0000000795580000, 0x0000000798b80000, 0x00000007c0000000)
  eden space 45056K, 0% used [0x0000000795580000,0x0000000795580000,0x0000000798180000)
  from space 5120K, 0% used [0x0000000798180000,0x0000000798180000,0x0000000798680000)
  to   space 5120K, 0% used [0x0000000798680000,0x0000000798680000,0x0000000798b80000)
 ParOldGen       total 60416K, used 10314K [0x0000000740000000, 0x0000000743b00000, 0x0000000795580000)
  object space 60416K, 17% used [0x0000000740000000,0x0000000740a12828,0x0000000743b00000)
 Metaspace       used 24010K, capacity 24338K, committed 24704K, reserved 1071104K
  class space    used 3056K, capacity 3135K, committed 3200K, reserved 1048576K
}
Event: 40.210 GC heap before
{Heap before GC invocations=18 (full 8):
 PSYoungGen      total 50176K, used 912K [0x0000000795580000, 0x0000000798b80000, 0x00000007c0000000)
  eden space 45056K, 2% used [0x0000000795580000,0x0000000795664110,0x0000000798180000)
  from space 5120K, 0% used [0x0000000798180000,0x0000000798180000,0x0000000798680000)
  to   space 5120K, 0% used [0x0000000798680000,0x0000000798680000,0x0000000798b80000)
 ParOldGen       total 60416K, used 10314K [0x0000000740000000, 0x0000000743b00000, 0x0000000795580000)
  object space 60416K, 17% used [0x0000000740000000,0x0000000740a12828,0x0000000743b00000)
 Metaspace       used 24013K, capacity 24338K, committed 24704K, reserved 1071104K
  class space    used 3056K, capacity 3135K, committed 3200K, reserved 1048576K
Event: 40.211 GC heap after
Heap after GC invocations=18 (full 8):
 PSYoungGen      total 50176K, used 138K [0x0000000795580000, 0x0000000798b80000, 0x00000007c0000000)
  eden space 45056K, 0% used [0x0000000795580000,0x0000000795580000,0x0000000798180000)
  from space 5120K, 2% used [0x0000000798680000,0x00000007986a28d0,0x0000000798b80000)
  to   space 5120K, 0% used [0x0000000798180000,0x0000000798180000,0x0000000798680000)
 ParOldGen       total 60416K, used 10314K [0x0000000740000000, 0x0000000743b00000, 0x0000000795580000)
  object space 60416K, 17% used [0x0000000740000000,0x0000000740a12828,0x0000000743b00000)
 Metaspace       used 24013K, capacity 24338K, committed 24704K, reserved 1071104K
  class space    used 3056K, capacity 3135K, committed 3200K, reserved 1048576K
}
Event: 40.211 GC heap before
{Heap before GC invocations=19 (full 9):
 PSYoungGen      total 50176K, used 138K [0x0000000795580000, 0x0000000798b80000, 0x00000007c0000000)
  eden space 45056K, 0% used [0x0000000795580000,0x0000000795580000,0x0000000798180000)
  from space 5120K, 2% used [0x0000000798680000,0x00000007986a28d0,0x0000000798b80000)
  to   space 5120K, 0% used [0x0000000798180000,0x0000000798180000,0x0000000798680000)
 ParOldGen       total 60416K, used 10314K [0x0000000740000000, 0x0000000743b00000, 0x0000000795580000)
  object space 60416K, 17% used [0x0000000740000000,0x0000000740a12828,0x0000000743b00000)
 Metaspace       used 24013K, capacity 24338K, committed 24704K, reserved 1071104K
  class space    used 3056K, capacity 3135K, committed 3200K, reserved 1048576K
Event: 40.233 GC heap after
Heap after GC invocations=19 (full 9):
 PSYoungGen      total 50176K, used 0K [0x0000000795580000, 0x0000000798b80000, 0x00000007c0000000)
  eden space 45056K, 0% used [0x0000000795580000,0x0000000795580000,0x0000000798180000)
  from space 5120K, 0% used [0x0000000798680000,0x0000000798680000,0x0000000798b80000)
  to   space 5120K, 0% used [0x0000000798180000,0x0000000798180000,0x0000000798680000)
 ParOldGen       total 60416K, used 10361K [0x0000000740000000, 0x0000000743b00000, 0x0000000795580000)
  object space 60416K, 17% used [0x0000000740000000,0x0000000740a1e648,0x0000000743b00000)
 Metaspace       used 24013K, capacity 24338K, committed 24704K, reserved 1071104K
  class space    used 3056K, capacity 3135K, committed 3200K, reserved 1048576K
}
Event: 40.235 GC heap before
{Heap before GC invocations=20 (full 9):
 PSYoungGen      total 50176K, used 1058K [0x0000000795580000, 0x0000000798b80000, 0x00000007c0000000)
  eden space 45056K, 2% used [0x0000000795580000,0x0000000795688be8,0x0000000798180000)
  from space 5120K, 0% used [0x0000000798680000,0x0000000798680000,0x0000000798b80000)
  to   space 5120K, 0% used [0x0000000798180000,0x0000000798180000,0x0000000798680000)
 ParOldGen       total 60416K, used 10361K [0x0000000740000000, 0x0000000743b00000, 0x0000000795580000)
  object space 60416K, 17% used [0x0000000740000000,0x0000000740a1e648,0x0000000743b00000)
 Metaspace       used 24015K, capacity 24338K, committed 24704K, reserved 1071104K
  class space    used 3056K, capacity 3135K, committed 3200K, reserved 1048576K
Event: 40.236 GC heap after
Heap after GC invocations=20 (full 9):
 PSYoungGen      total 50176K, used 32K [0x0000000795580000, 0x0000000798b80000, 0x00000007c0000000)
  eden space 45056K, 0% used [0x0000000795580000,0x0000000795580000,0x0000000798180000)
  from space 5120K, 0% used [0x0000000798180000,0x0000000798188000,0x0000000798680000)
  to   space 5120K, 0% used [0x0000000798680000,0x0000000798680000,0x0000000798b80000)
 ParOldGen       total 60416K, used 10361K [0x0000000740000000, 0x0000000743b00000, 0x0000000795580000)
  object space 60416K, 17% used [0x0000000740000000,0x0000000740a1e648,0x0000000743b00000)
 Metaspace       used 24015K, capacity 24338K, committed 24704K, reserved 1071104K
  class space    used 3056K, capacity 3135K, committed 3200K, reserved 1048576K
}
Event: 40.236 GC heap before
{Heap before GC invocations=21 (full 10):
 PSYoungGen      total 50176K, used 32K [0x0000000795580000, 0x0000000798b80000, 0x00000007c0000000)
  eden space 45056K, 0% used [0x0000000795580000,0x0000000795580000,0x0000000798180000)
  from space 5120K, 0% used [0x0000000798180000,0x0000000798188000,0x0000000798680000)
  to   space 5120K, 0% used [0x0000000798680000,0x0000000798680000,0x0000000798b80000)
 ParOldGen       total 60416K, used 10361K [0x0000000740000000, 0x0000000743b00000, 0x0000000795580000)
  object space 60416K, 17% used [0x0000000740000000,0x0000000740a1e648,0x0000000743b00000)
 Metaspace       used 24015K, capacity 24338K, committed 24704K, reserved 1071104K
  class space    used 3056K, capacity 3135K, committed 3200K, reserved 1048576K
Event: 40.262 GC heap after
Heap after GC invocations=21 (full 10):
 PSYoungGen      total 50176K, used 0K [0x0000000795580000, 0x0000000798b80000, 0x00000007c0000000)
  eden space 45056K, 0% used [0x0000000795580000,0x0000000795580000,0x0000000798180000)
  from space 5120K, 0% used [0x0000000798180000,0x0000000798180000,0x0000000798680000)
  to   space 5120K, 0% used [0x0000000798680000,0x0000000798680000,0x0000000798b80000)
 ParOldGen       total 60416K, used 10367K [0x0000000740000000, 0x0000000743b00000, 0x0000000795580000)
  object space 60416K, 17% used [0x0000000740000000,0x0000000740a1fdc8,0x0000000743b00000)
 Metaspace       used 24015K, capacity 24338K, committed 24704K, reserved 1071104K
  class space    used 3056K, capacity 3135K, committed 3200K, reserved 1048576K
}

