# JRE version: OpenJDK Runtime Environment (7.0_55-b14) (build 1.7.0_55-b14)
# Java VM: OpenJDK 64-Bit Server VM (24.51-b03 mixed mode linux-amd64 compressed oops)
Heap
 PSYoungGen      total 1321472K, used 159685K [0x00000007acf00000, 0x0000000800000000, 0x0000000800000000)
  eden space 1320960K, 12% used [0x00000007acf00000,0x00000007b6a71620,0x00000007fd900000)
  from space 512K, 100% used [0x00000007fff80000,0x0000000800000000,0x0000000800000000)
  to   space 19968K, 0% used [0x00000007fd900000,0x00000007fd900000,0x00000007fec80000)
 ParOldGen       total 1009664K, used 797003K [0x0000000706e00000, 0x0000000744800000, 0x00000007acf00000)
  object space 1009664K, 78% used [0x0000000706e00000,0x0000000737852e10,0x0000000744800000)
 PSPermGen       total 26112K, used 25929K [0x00000006fc800000, 0x00000006fe180000, 0x0000000706e00000)
  object space 26112K, 99% used [0x00000006fc800000,0x00000006fe152760,0x00000006fe180000)
GC Heap History (10 events):
Event: 11319.686 GC heap before
{Heap before GC invocations=1312 (full 158):
 PSYoungGen      total 1360384K, used 1360064K [0x00000007acf00000, 0x0000000800000000, 0x0000000800000000)
  eden space 1359872K, 100% used [0x00000007acf00000,0x00000007fff00000,0x00000007fff00000)
  from space 512K, 37% used [0x00000007fff00000,0x00000007fff30000,0x00000007fff80000)
  to   space 512K, 0% used [0x00000007fff80000,0x00000007fff80000,0x0000000800000000)
 ParOldGen       total 1009664K, used 744339K [0x0000000706e00000, 0x0000000744800000, 0x00000007acf00000)
  object space 1009664K, 73% used [0x0000000706e00000,0x00000007344e4dc0,0x0000000744800000)
 PSPermGen       total 26112K, used 25917K [0x00000006fc800000, 0x00000006fe180000, 0x0000000706e00000)
  object space 26112K, 99% used [0x00000006fc800000,0x00000006fe14f620,0x00000006fe180000)
Event: 11319.691 GC heap after
Heap after GC invocations=1312 (full 158):
 PSYoungGen      total 1360384K, used 160K [0x00000007acf00000, 0x0000000800000000, 0x0000000800000000)
  eden space 1359872K, 0% used [0x00000007acf00000,0x00000007acf00000,0x00000007fff00000)
  from space 512K, 31% used [0x00000007fff80000,0x00000007fffa8000,0x0000000800000000)
  to   space 512K, 0% used [0x00000007fff00000,0x00000007fff00000,0x00000007fff80000)
 ParOldGen       total 1009664K, used 744339K [0x0000000706e00000, 0x0000000744800000, 0x00000007acf00000)
  object space 1009664K, 73% used [0x0000000706e00000,0x00000007344e4dc0,0x0000000744800000)
 PSPermGen       total 26112K, used 25917K [0x00000006fc800000, 0x00000006fe180000, 0x0000000706e00000)
  object space 26112K, 99% used [0x00000006fc800000,0x00000006fe14f620,0x00000006fe180000)
}
Event: 11324.236 GC heap before
{Heap before GC invocations=1313 (full 158):
 PSYoungGen      total 1360384K, used 1360032K [0x00000007acf00000, 0x0000000800000000, 0x0000000800000000)
  eden space 1359872K, 100% used [0x00000007acf00000,0x00000007fff00000,0x00000007fff00000)
  from space 512K, 31% used [0x00000007fff80000,0x00000007fffa8000,0x0000000800000000)
  to   space 512K, 0% used [0x00000007fff00000,0x00000007fff00000,0x00000007fff80000)
 ParOldGen       total 1009664K, used 744339K [0x0000000706e00000, 0x0000000744800000, 0x00000007acf00000)
  object space 1009664K, 73% used [0x0000000706e00000,0x00000007344e4dc0,0x0000000744800000)
 PSPermGen       total 26112K, used 25917K [0x00000006fc800000, 0x00000006fe180000, 0x0000000706e00000)
  object space 26112K, 99% used [0x00000006fc800000,0x00000006fe14f620,0x00000006fe180000)
Event: 11324.240 GC heap after
Heap after GC invocations=1313 (full 158):
 PSYoungGen      total 1360384K, used 192K [0x00000007acf00000, 0x0000000800000000, 0x0000000800000000)
  eden space 1359872K, 0% used [0x00000007acf00000,0x00000007acf00000,0x00000007fff00000)
  from space 512K, 37% used [0x00000007fff00000,0x00000007fff30000,0x00000007fff80000)
  to   space 512K, 0% used [0x00000007fff80000,0x00000007fff80000,0x0000000800000000)
 ParOldGen       total 1009664K, used 744339K [0x0000000706e00000, 0x0000000744800000, 0x00000007acf00000)
  object space 1009664K, 73% used [0x0000000706e00000,0x00000007344e4dc0,0x0000000744800000)
 PSPermGen       total 26112K, used 25917K [0x00000006fc800000, 0x00000006fe180000, 0x0000000706e00000)
  object space 26112K, 99% used [0x00000006fc800000,0x00000006fe14f620,0x00000006fe180000)
}
Event: 11328.668 GC heap before
{Heap before GC invocations=1314 (full 158):
 PSYoungGen      total 1360384K, used 1360064K [0x00000007acf00000, 0x0000000800000000, 0x0000000800000000)
  eden space 1359872K, 100% used [0x00000007acf00000,0x00000007fff00000,0x00000007fff00000)
  from space 512K, 37% used [0x00000007fff00000,0x00000007fff30000,0x00000007fff80000)
  to   space 512K, 0% used [0x00000007fff80000,0x00000007fff80000,0x0000000800000000)
 ParOldGen       total 1009664K, used 744339K [0x0000000706e00000, 0x0000000744800000, 0x00000007acf00000)
  object space 1009664K, 73% used [0x0000000706e00000,0x00000007344e4dc0,0x0000000744800000)
 PSPermGen       total 26112K, used 25917K [0x00000006fc800000, 0x00000006fe180000, 0x0000000706e00000)
  object space 26112K, 99% used [0x00000006fc800000,0x00000006fe14f620,0x00000006fe180000)
Event: 11328.673 GC heap after
Heap after GC invocations=1314 (full 158):
 PSYoungGen      total 1360384K, used 224K [0x00000007acf00000, 0x0000000800000000, 0x0000000800000000)
  eden space 1359872K, 0% used [0x00000007acf00000,0x00000007acf00000,0x00000007fff00000)
  from space 512K, 43% used [0x00000007fff80000,0x00000007fffb8000,0x0000000800000000)
  to   space 512K, 0% used [0x00000007fff00000,0x00000007fff00000,0x00000007fff80000)
 ParOldGen       total 1009664K, used 744339K [0x0000000706e00000, 0x0000000744800000, 0x00000007acf00000)
  object space 1009664K, 73% used [0x0000000706e00000,0x00000007344e4dc0,0x0000000744800000)
 PSPermGen       total 26112K, used 25917K [0x00000006fc800000, 0x00000006fe180000, 0x0000000706e00000)
  object space 26112K, 99% used [0x00000006fc800000,0x00000006fe14f620,0x00000006fe180000)
}
Event: 11333.088 GC heap before
{Heap before GC invocations=1315 (full 158):
 PSYoungGen      total 1360384K, used 1360096K [0x00000007acf00000, 0x0000000800000000, 0x0000000800000000)
  eden space 1359872K, 100% used [0x00000007acf00000,0x00000007fff00000,0x00000007fff00000)
  from space 512K, 43% used [0x00000007fff80000,0x00000007fffb8000,0x0000000800000000)
  to   space 512K, 0% used [0x00000007fff00000,0x00000007fff00000,0x00000007fff80000)
 ParOldGen       total 1009664K, used 744339K [0x0000000706e00000, 0x0000000744800000, 0x00000007acf00000)
  object space 1009664K, 73% used [0x0000000706e00000,0x00000007344e4dc0,0x0000000744800000)
 PSPermGen       total 26112K, used 25917K [0x00000006fc800000, 0x00000006fe180000, 0x0000000706e00000)
  object space 26112K, 99% used [0x00000006fc800000,0x00000006fe14f620,0x00000006fe180000)
Event: 11333.093 GC heap after
Heap after GC invocations=1315 (full 158):
 PSYoungGen      total 1360384K, used 128K [0x00000007acf00000, 0x0000000800000000, 0x0000000800000000)
  eden space 1359872K, 0% used [0x00000007acf00000,0x00000007acf00000,0x00000007fff00000)
  from space 512K, 25% used [0x00000007fff00000,0x00000007fff20000,0x00000007fff80000)
  to   space 512K, 0% used [0x00000007fff80000,0x00000007fff80000,0x0000000800000000)
 ParOldGen       total 1009664K, used 744339K [0x0000000706e00000, 0x0000000744800000, 0x00000007acf00000)
  object space 1009664K, 73% used [0x0000000706e00000,0x00000007344e4dc0,0x0000000744800000)
 PSPermGen       total 26112K, used 25917K [0x00000006fc800000, 0x00000006fe180000, 0x0000000706e00000)
  object space 26112K, 99% used [0x00000006fc800000,0x00000006fe14f620,0x00000006fe180000)
}
Event: 11337.058 GC heap before
{Heap before GC invocations=1316 (full 158):
 PSYoungGen      total 1360384K, used 1360000K [0x00000007acf00000, 0x0000000800000000, 0x0000000800000000)
  eden space 1359872K, 100% used [0x00000007acf00000,0x00000007fff00000,0x00000007fff00000)
  from space 512K, 25% used [0x00000007fff00000,0x00000007fff20000,0x00000007fff80000)
  to   space 512K, 0% used [0x00000007fff80000,0x00000007fff80000,0x0000000800000000)
 ParOldGen       total 1009664K, used 744339K [0x0000000706e00000, 0x0000000744800000, 0x00000007acf00000)
  object space 1009664K, 73% used [0x0000000706e00000,0x00000007344e4dc0,0x0000000744800000)
 PSPermGen       total 26112K, used 25917K [0x00000006fc800000, 0x00000006fe180000, 0x0000000706e00000)
  object space 26112K, 99% used [0x00000006fc800000,0x00000006fe14f620,0x00000006fe180000)
Event: 11337.109 GC heap after
Heap after GC invocations=1316 (full 158):
 PSYoungGen      total 1321472K, used 512K [0x00000007acf00000, 0x0000000800000000, 0x0000000800000000)
  eden space 1320960K, 0% used [0x00000007acf00000,0x00000007acf00000,0x00000007fd900000)
  from space 512K, 100% used [0x00000007fff80000,0x0000000800000000,0x0000000800000000)
  to   space 19968K, 0% used [0x00000007fd900000,0x00000007fd900000,0x00000007fec80000)
 ParOldGen       total 1009664K, used 797003K [0x0000000706e00000, 0x0000000744800000, 0x00000007acf00000)
  object space 1009664K, 78% used [0x0000000706e00000,0x0000000737852e10,0x0000000744800000)
 PSPermGen       total 26112K, used 25917K [0x00000006fc800000, 0x00000006fe180000, 0x0000000706e00000)
  object space 26112K, 99% used [0x00000006fc800000,0x00000006fe14f620,0x00000006fe180000)
}

